<?xml version="1.0" encoding="UTF-8"?>
<!-- Generated by org.testng.reporters.JUnitReportReporter -->
<testsuite skipped="0" hostname="Amar" name="Assignment.first" tests="1" failures="0" timestamp="01 May 2021 09:10:26 GMT" time="15.010" errors="0">
  <testcase name="TC01" time="15.010" classname="Assignment.first"/>
</testsuite> <!-- Assignment.first -->
