<?xml version="1.0" encoding="UTF-8"?>
<!-- Generated by org.testng.reporters.JUnitReportReporter -->
<testsuite skipped="0" hostname="Amar" name="Assignment.second" tests="1" failures="0" timestamp="01 May 2021 08:48:21 GMT" time="24.177" errors="0">
  <testcase name="TC2" time="24.177" classname="Assignment.second"/>
</testsuite> <!-- Assignment.second -->
